{"timestamp": "2025-06-28T19:18:04.722745", "level": "ERROR", "logger": "main", "message": "{\"event\": \"Could not import auth router: email-validator is not installed, run `pip install pydantic[email]`\\nTraceback (most recent call last):\\n  File \\\"/Users/pulimap/PersonalHealthAssistant/venv-medical-records/lib/python3.11/site-packages/pydantic/networks.py\\\", line 352, in import_email_validator\\n    import email_validator\\nModuleNotFoundError: No module named 'email_validator'\\n\\nThe above exception was the direct cause of the following exception:\\n\\nTraceback (most recent call last):\\n  File \\\"/Users/pulimap/PersonalHealthAssistant/main.py\\\", line 189, in <module>\\n    from apps.auth.api.auth import router as auth_router\\n  File \\\"/Users/pulimap/PersonalHealthAssistant/apps/auth/api/__init__.py\\\", line 14, in <module>\\n    from .auth import router as auth_router\\n  File \\\"/Users/pulimap/PersonalHealthAssistant/apps/auth/api/auth.py\\\", line 25, in <module>\\n    from ..models.user import User, UserCreate, UserResponse, UserStatus, MFAStatus, PasswordResetRequest, PasswordResetConfirm, EmailVerificationRequest, EmailVerificationConfirm\\n  File \\\"/Users/pulimap/PersonalHealthAssistant/apps/auth/models/__init__.py\\\", line 14, in <module>\\n    from .user import User, UserProfile, UserPreferences\\n  File \\\"/Users/pulimap/PersonalHealthAssistant/apps/auth/models/user.py\\\", line 146, in <module>\\n    class UserBase(BaseModel):\\n  File \\\"/Users/pulimap/PersonalHealthAssistant/venv-medical-records/lib/python3.11/site-packages/pydantic/_internal/_model_construction.py\\\", line 182, in __new__\\n    complete_model_class(\\n  File \\\"/Users/pulimap/PersonalHealthAssistant/venv-medical-records/lib/python3.11/site-packages/pydantic/_internal/_model_construction.py\\\", line 491, in complete_model_class\\n    schema = cls.__get_pydantic_core_schema__(cls, handler)\\n             ^^^^^^^^^^^^^^^^^^^^^^^^^^^^^^^^^^^^^^^^^^^^^^\\n  File \\\"/Users/pulimap/PersonalHealthAssistant/venv-medical-records/lib/python3.11/site-packages/pydantic/main.py\\\", line 578, in __get_pydantic_core_schema__\\n    return __handler(__source)\\n           ^^^^^^^^^^^^^^^^^^^\\n  File \\\"/Users/pulimap/PersonalHealthAssistant/venv-medical-records/lib/python3.11/site-packages/pydantic/_internal/_schema_generation_shared.py\\\", line 82, in __call__\\n    schema = self._handler(__source_type)\\n             ^^^^^^^^^^^^^^^^^^^^^^^^^^^^\\n  File \\\"/Users/pulimap/PersonalHealthAssistant/venv-medical-records/lib/python3.11/site-packages/pydantic/_internal/_generate_schema.py\\\", line 468, in generate_schema\\n    schema = self._generate_schema(obj)\\n             ^^^^^^^^^^^^^^^^^^^^^^^^^^\\n  File \\\"/Users/pulimap/PersonalHealthAssistant/venv-medical-records/lib/python3.11/site-packages/pydantic/_internal/_generate_schema.py\\\", line 700, in _generate_schema\\n    schema = self._post_process_generated_schema(self._generate_schema_inner(obj))\\n                                                 ^^^^^^^^^^^^^^^^^^^^^^^^^^^^^^^^\\n  File \\\"/Users/pulimap/PersonalHealthAssistant/venv-medical-records/lib/python3.11/site-packages/pydantic/_internal/_generate_schema.py\\\", line 722, in _generate_schema_inner\\n    return self._model_schema(obj)\\n           ^^^^^^^^^^^^^^^^^^^^^^^\\n  File \\\"/Users/pulimap/PersonalHealthAssistant/venv-medical-records/lib/python3.11/site-packages/pydantic/_internal/_generate_schema.py\\\", line 541, in _model_schema\\n    {k: self._generate_md_field_schema(k, v, decorators) for k, v in fields.items()},\\n    ^^^^^^^^^^^^^^^^^^^^^^^^^^^^^^^^^^^^^^^^^^^^^^^^^^^^^^^^^^^^^^^^^^^^^^^^^^^^^^^^\\n  File \\\"/Users/pulimap/PersonalHealthAssistant/venv-medical-records/lib/python3.11/site-packages/pydantic/_internal/_generate_schema.py\\\", line 541, in <dictcomp>\\n    {k: self._generate_md_field_schema(k, v, decorators) for k, v in fields.items()},\\n        ^^^^^^^^^^^^^^^^^^^^^^^^^^^^^^^^^^^^^^^^^^^^^^^^\\n  File \\\"/Users/pulimap/PersonalHealthAssistant/venv-medical-records/lib/python3.11/site-packages/pydantic/_internal/_generate_schema.py\\\", line 886, in _generate_md_field_schema\\n    common_field = self._common_field_schema(name, field_info, decorators)\\n                   ^^^^^^^^^^^^^^^^^^^^^^^^^^^^^^^^^^^^^^^^^^^^^^^^^^^^^^^\\n  File \\\"/Users/pulimap/PersonalHealthAssistant/venv-medical-records/lib/python3.11/site-packages/pydantic/_internal/_generate_schema.py\\\", line 951, in _common_field_schema\\n    schema = self._apply_annotations(\\n             ^^^^^^^^^^^^^^^^^^^^^^^^\\n  File \\\"/Users/pulimap/PersonalHealthAssistant/venv-medical-records/lib/python3.11/site-packages/pydantic/_internal/_generate_schema.py\\\", line 1654, in _apply_annotations\\n    schema = get_inner_schema(source_type)\\n             ^^^^^^^^^^^^^^^^^^^^^^^^^^^^^\\n  File \\\"/Users/pulimap/PersonalHealthAssistant/venv-medical-records/lib/python3.11/site-packages/pydantic/_internal/_schema_generation_shared.py\\\", line 82, in __call__\\n    schema = self._handler(__source_type)\\n             ^^^^^^^^^^^^^^^^^^^^^^^^^^^^\\n  File \\\"/Users/pulimap/PersonalHealthAssistant/venv-medical-records/lib/python3.11/site-packages/pydantic/_internal/_generate_schema.py\\\", line 1633, in inner_handler\\n    from_property = self._generate_schema_from_property(obj, obj)\\n                    ^^^^^^^^^^^^^^^^^^^^^^^^^^^^^^^^^^^^^^^^^^^^^\\n  File \\\"/Users/pulimap/PersonalHealthAssistant/venv-medical-records/lib/python3.11/site-packages/pydantic/_internal/_generate_schema.py\\\", line 616, in _generate_schema_from_property\\n    schema = get_schema(\\n             ^^^^^^^^^^^\\n  File \\\"/Users/pulimap/PersonalHealthAssistant/venv-medical-records/lib/python3.11/site-packages/pydantic/networks.py\\\", line 390, in __get_pydantic_core_schema__\\n    import_email_validator()\\n  File \\\"/Users/pulimap/PersonalHealthAssistant/venv-medical-records/lib/python3.11/site-packages/pydantic/networks.py\\\", line 354, in import_email_validator\\n    raise ImportError('email-validator is not installed, run `pip install pydantic[email]`') from e\\nImportError: email-validator is not installed, run `pip install pydantic[email]`\\n\", \"logger\": \"main\", \"level\": \"error\", \"timestamp\": \"2025-06-28T19:18:04.722400Z\"}", "module": "main", "function": "<module>", "line": 194}
{"timestamp": "2025-06-28T19:21:55.464551", "level": "ERROR", "logger": "main", "message": "{\"event\": \"Could not import auth router: email-validator is not installed, run `pip install pydantic[email]`\\nTraceback (most recent call last):\\n  File \\\"/Users/pulimap/PersonalHealthAssistant/venv-medical-records/lib/python3.11/site-packages/pydantic/networks.py\\\", line 352, in import_email_validator\\n    import email_validator\\nModuleNotFoundError: No module named 'email_validator'\\n\\nThe above exception was the direct cause of the following exception:\\n\\nTraceback (most recent call last):\\n  File \\\"/Users/pulimap/PersonalHealthAssistant/main.py\\\", line 189, in <module>\\n    from apps.auth.api.auth import router as auth_router\\n  File \\\"/Users/pulimap/PersonalHealthAssistant/apps/auth/api/__init__.py\\\", line 14, in <module>\\n    from .auth import router as auth_router\\n  File \\\"/Users/pulimap/PersonalHealthAssistant/apps/auth/api/auth.py\\\", line 25, in <module>\\n    from ..models.user import User, UserCreate, UserResponse, UserStatus, MFAStatus, PasswordResetRequest, PasswordResetConfirm, EmailVerificationRequest, EmailVerificationConfirm\\n  File \\\"/Users/pulimap/PersonalHealthAssistant/apps/auth/models/__init__.py\\\", line 14, in <module>\\n    from .user import User, UserProfile, UserPreferences\\n  File \\\"/Users/pulimap/PersonalHealthAssistant/apps/auth/models/user.py\\\", line 146, in <module>\\n    class UserBase(BaseModel):\\n  File \\\"/Users/pulimap/PersonalHealthAssistant/venv-medical-records/lib/python3.11/site-packages/pydantic/_internal/_model_construction.py\\\", line 182, in __new__\\n    complete_model_class(\\n  File \\\"/Users/pulimap/PersonalHealthAssistant/venv-medical-records/lib/python3.11/site-packages/pydantic/_internal/_model_construction.py\\\", line 491, in complete_model_class\\n    schema = cls.__get_pydantic_core_schema__(cls, handler)\\n             ^^^^^^^^^^^^^^^^^^^^^^^^^^^^^^^^^^^^^^^^^^^^^^\\n  File \\\"/Users/pulimap/PersonalHealthAssistant/venv-medical-records/lib/python3.11/site-packages/pydantic/main.py\\\", line 578, in __get_pydantic_core_schema__\\n    return __handler(__source)\\n           ^^^^^^^^^^^^^^^^^^^\\n  File \\\"/Users/pulimap/PersonalHealthAssistant/venv-medical-records/lib/python3.11/site-packages/pydantic/_internal/_schema_generation_shared.py\\\", line 82, in __call__\\n    schema = self._handler(__source_type)\\n             ^^^^^^^^^^^^^^^^^^^^^^^^^^^^\\n  File \\\"/Users/pulimap/PersonalHealthAssistant/venv-medical-records/lib/python3.11/site-packages/pydantic/_internal/_generate_schema.py\\\", line 468, in generate_schema\\n    schema = self._generate_schema(obj)\\n             ^^^^^^^^^^^^^^^^^^^^^^^^^^\\n  File \\\"/Users/pulimap/PersonalHealthAssistant/venv-medical-records/lib/python3.11/site-packages/pydantic/_internal/_generate_schema.py\\\", line 700, in _generate_schema\\n    schema = self._post_process_generated_schema(self._generate_schema_inner(obj))\\n                                                 ^^^^^^^^^^^^^^^^^^^^^^^^^^^^^^^^\\n  File \\\"/Users/pulimap/PersonalHealthAssistant/venv-medical-records/lib/python3.11/site-packages/pydantic/_internal/_generate_schema.py\\\", line 722, in _generate_schema_inner\\n    return self._model_schema(obj)\\n           ^^^^^^^^^^^^^^^^^^^^^^^\\n  File \\\"/Users/pulimap/PersonalHealthAssistant/venv-medical-records/lib/python3.11/site-packages/pydantic/_internal/_generate_schema.py\\\", line 541, in _model_schema\\n    {k: self._generate_md_field_schema(k, v, decorators) for k, v in fields.items()},\\n    ^^^^^^^^^^^^^^^^^^^^^^^^^^^^^^^^^^^^^^^^^^^^^^^^^^^^^^^^^^^^^^^^^^^^^^^^^^^^^^^^\\n  File \\\"/Users/pulimap/PersonalHealthAssistant/venv-medical-records/lib/python3.11/site-packages/pydantic/_internal/_generate_schema.py\\\", line 541, in <dictcomp>\\n    {k: self._generate_md_field_schema(k, v, decorators) for k, v in fields.items()},\\n        ^^^^^^^^^^^^^^^^^^^^^^^^^^^^^^^^^^^^^^^^^^^^^^^^\\n  File \\\"/Users/pulimap/PersonalHealthAssistant/venv-medical-records/lib/python3.11/site-packages/pydantic/_internal/_generate_schema.py\\\", line 886, in _generate_md_field_schema\\n    common_field = self._common_field_schema(name, field_info, decorators)\\n                   ^^^^^^^^^^^^^^^^^^^^^^^^^^^^^^^^^^^^^^^^^^^^^^^^^^^^^^^\\n  File \\\"/Users/pulimap/PersonalHealthAssistant/venv-medical-records/lib/python3.11/site-packages/pydantic/_internal/_generate_schema.py\\\", line 951, in _common_field_schema\\n    schema = self._apply_annotations(\\n             ^^^^^^^^^^^^^^^^^^^^^^^^\\n  File \\\"/Users/pulimap/PersonalHealthAssistant/venv-medical-records/lib/python3.11/site-packages/pydantic/_internal/_generate_schema.py\\\", line 1654, in _apply_annotations\\n    schema = get_inner_schema(source_type)\\n             ^^^^^^^^^^^^^^^^^^^^^^^^^^^^^\\n  File \\\"/Users/pulimap/PersonalHealthAssistant/venv-medical-records/lib/python3.11/site-packages/pydantic/_internal/_schema_generation_shared.py\\\", line 82, in __call__\\n    schema = self._handler(__source_type)\\n             ^^^^^^^^^^^^^^^^^^^^^^^^^^^^\\n  File \\\"/Users/pulimap/PersonalHealthAssistant/venv-medical-records/lib/python3.11/site-packages/pydantic/_internal/_generate_schema.py\\\", line 1633, in inner_handler\\n    from_property = self._generate_schema_from_property(obj, obj)\\n                    ^^^^^^^^^^^^^^^^^^^^^^^^^^^^^^^^^^^^^^^^^^^^^\\n  File \\\"/Users/pulimap/PersonalHealthAssistant/venv-medical-records/lib/python3.11/site-packages/pydantic/_internal/_generate_schema.py\\\", line 616, in _generate_schema_from_property\\n    schema = get_schema(\\n             ^^^^^^^^^^^\\n  File \\\"/Users/pulimap/PersonalHealthAssistant/venv-medical-records/lib/python3.11/site-packages/pydantic/networks.py\\\", line 390, in __get_pydantic_core_schema__\\n    import_email_validator()\\n  File \\\"/Users/pulimap/PersonalHealthAssistant/venv-medical-records/lib/python3.11/site-packages/pydantic/networks.py\\\", line 354, in import_email_validator\\n    raise ImportError('email-validator is not installed, run `pip install pydantic[email]`') from e\\nImportError: email-validator is not installed, run `pip install pydantic[email]`\\n\", \"logger\": \"main\", \"level\": \"error\", \"timestamp\": \"2025-06-28T19:21:55.464206Z\"}", "module": "main", "function": "<module>", "line": 194}
{"timestamp": "2025-06-28T19:24:07.338089", "level": "ERROR", "logger": "main", "message": "{\"event\": \"Could not import auth router: email-validator is not installed, run `pip install pydantic[email]`\\nTraceback (most recent call last):\\n  File \\\"/Users/pulimap/PersonalHealthAssistant/venv-medical-records/lib/python3.11/site-packages/pydantic/networks.py\\\", line 352, in import_email_validator\\n    import email_validator\\nModuleNotFoundError: No module named 'email_validator'\\n\\nThe above exception was the direct cause of the following exception:\\n\\nTraceback (most recent call last):\\n  File \\\"/Users/pulimap/PersonalHealthAssistant/main.py\\\", line 189, in <module>\\n    from apps.auth.api.auth import router as auth_router\\n  File \\\"/Users/pulimap/PersonalHealthAssistant/apps/auth/api/__init__.py\\\", line 14, in <module>\\n    from .auth import router as auth_router\\n  File \\\"/Users/pulimap/PersonalHealthAssistant/apps/auth/api/auth.py\\\", line 25, in <module>\\n    from ..models.user import User, UserCreate, UserResponse, UserStatus, MFAStatus, PasswordResetRequest, PasswordResetConfirm, EmailVerificationRequest, EmailVerificationConfirm\\n  File \\\"/Users/pulimap/PersonalHealthAssistant/apps/auth/models/__init__.py\\\", line 14, in <module>\\n    from .user import User, UserProfile, UserPreferences\\n  File \\\"/Users/pulimap/PersonalHealthAssistant/apps/auth/models/user.py\\\", line 146, in <module>\\n    class UserBase(BaseModel):\\n  File \\\"/Users/pulimap/PersonalHealthAssistant/venv-medical-records/lib/python3.11/site-packages/pydantic/_internal/_model_construction.py\\\", line 182, in __new__\\n    complete_model_class(\\n  File \\\"/Users/pulimap/PersonalHealthAssistant/venv-medical-records/lib/python3.11/site-packages/pydantic/_internal/_model_construction.py\\\", line 491, in complete_model_class\\n    schema = cls.__get_pydantic_core_schema__(cls, handler)\\n             ^^^^^^^^^^^^^^^^^^^^^^^^^^^^^^^^^^^^^^^^^^^^^^\\n  File \\\"/Users/pulimap/PersonalHealthAssistant/venv-medical-records/lib/python3.11/site-packages/pydantic/main.py\\\", line 578, in __get_pydantic_core_schema__\\n    return __handler(__source)\\n           ^^^^^^^^^^^^^^^^^^^\\n  File \\\"/Users/pulimap/PersonalHealthAssistant/venv-medical-records/lib/python3.11/site-packages/pydantic/_internal/_schema_generation_shared.py\\\", line 82, in __call__\\n    schema = self._handler(__source_type)\\n             ^^^^^^^^^^^^^^^^^^^^^^^^^^^^\\n  File \\\"/Users/pulimap/PersonalHealthAssistant/venv-medical-records/lib/python3.11/site-packages/pydantic/_internal/_generate_schema.py\\\", line 468, in generate_schema\\n    schema = self._generate_schema(obj)\\n             ^^^^^^^^^^^^^^^^^^^^^^^^^^\\n  File \\\"/Users/pulimap/PersonalHealthAssistant/venv-medical-records/lib/python3.11/site-packages/pydantic/_internal/_generate_schema.py\\\", line 700, in _generate_schema\\n    schema = self._post_process_generated_schema(self._generate_schema_inner(obj))\\n                                                 ^^^^^^^^^^^^^^^^^^^^^^^^^^^^^^^^\\n  File \\\"/Users/pulimap/PersonalHealthAssistant/venv-medical-records/lib/python3.11/site-packages/pydantic/_internal/_generate_schema.py\\\", line 722, in _generate_schema_inner\\n    return self._model_schema(obj)\\n           ^^^^^^^^^^^^^^^^^^^^^^^\\n  File \\\"/Users/pulimap/PersonalHealthAssistant/venv-medical-records/lib/python3.11/site-packages/pydantic/_internal/_generate_schema.py\\\", line 541, in _model_schema\\n    {k: self._generate_md_field_schema(k, v, decorators) for k, v in fields.items()},\\n    ^^^^^^^^^^^^^^^^^^^^^^^^^^^^^^^^^^^^^^^^^^^^^^^^^^^^^^^^^^^^^^^^^^^^^^^^^^^^^^^^\\n  File \\\"/Users/pulimap/PersonalHealthAssistant/venv-medical-records/lib/python3.11/site-packages/pydantic/_internal/_generate_schema.py\\\", line 541, in <dictcomp>\\n    {k: self._generate_md_field_schema(k, v, decorators) for k, v in fields.items()},\\n        ^^^^^^^^^^^^^^^^^^^^^^^^^^^^^^^^^^^^^^^^^^^^^^^^\\n  File \\\"/Users/pulimap/PersonalHealthAssistant/venv-medical-records/lib/python3.11/site-packages/pydantic/_internal/_generate_schema.py\\\", line 886, in _generate_md_field_schema\\n    common_field = self._common_field_schema(name, field_info, decorators)\\n                   ^^^^^^^^^^^^^^^^^^^^^^^^^^^^^^^^^^^^^^^^^^^^^^^^^^^^^^^\\n  File \\\"/Users/pulimap/PersonalHealthAssistant/venv-medical-records/lib/python3.11/site-packages/pydantic/_internal/_generate_schema.py\\\", line 951, in _common_field_schema\\n    schema = self._apply_annotations(\\n             ^^^^^^^^^^^^^^^^^^^^^^^^\\n  File \\\"/Users/pulimap/PersonalHealthAssistant/venv-medical-records/lib/python3.11/site-packages/pydantic/_internal/_generate_schema.py\\\", line 1654, in _apply_annotations\\n    schema = get_inner_schema(source_type)\\n             ^^^^^^^^^^^^^^^^^^^^^^^^^^^^^\\n  File \\\"/Users/pulimap/PersonalHealthAssistant/venv-medical-records/lib/python3.11/site-packages/pydantic/_internal/_schema_generation_shared.py\\\", line 82, in __call__\\n    schema = self._handler(__source_type)\\n             ^^^^^^^^^^^^^^^^^^^^^^^^^^^^\\n  File \\\"/Users/pulimap/PersonalHealthAssistant/venv-medical-records/lib/python3.11/site-packages/pydantic/_internal/_generate_schema.py\\\", line 1633, in inner_handler\\n    from_property = self._generate_schema_from_property(obj, obj)\\n                    ^^^^^^^^^^^^^^^^^^^^^^^^^^^^^^^^^^^^^^^^^^^^^\\n  File \\\"/Users/pulimap/PersonalHealthAssistant/venv-medical-records/lib/python3.11/site-packages/pydantic/_internal/_generate_schema.py\\\", line 616, in _generate_schema_from_property\\n    schema = get_schema(\\n             ^^^^^^^^^^^\\n  File \\\"/Users/pulimap/PersonalHealthAssistant/venv-medical-records/lib/python3.11/site-packages/pydantic/networks.py\\\", line 390, in __get_pydantic_core_schema__\\n    import_email_validator()\\n  File \\\"/Users/pulimap/PersonalHealthAssistant/venv-medical-records/lib/python3.11/site-packages/pydantic/networks.py\\\", line 354, in import_email_validator\\n    raise ImportError('email-validator is not installed, run `pip install pydantic[email]`') from e\\nImportError: email-validator is not installed, run `pip install pydantic[email]`\\n\", \"logger\": \"main\", \"level\": \"error\", \"timestamp\": \"2025-06-28T19:24:07.337732Z\"}", "module": "main", "function": "<module>", "line": 194}
{"timestamp": "2025-06-28T19:43:14.038362", "level": "ERROR", "logger": "main", "message": "{\"event\": \"Could not import auth router: email-validator is not installed, run `pip install pydantic[email]`\\nTraceback (most recent call last):\\n  File \\\"/Users/pulimap/PersonalHealthAssistant/venv-medical-records/lib/python3.11/site-packages/pydantic/networks.py\\\", line 352, in import_email_validator\\n    import email_validator\\nModuleNotFoundError: No module named 'email_validator'\\n\\nThe above exception was the direct cause of the following exception:\\n\\nTraceback (most recent call last):\\n  File \\\"/Users/pulimap/PersonalHealthAssistant/main.py\\\", line 189, in <module>\\n    from apps.auth.api.auth import router as auth_router\\n  File \\\"/Users/pulimap/PersonalHealthAssistant/apps/auth/api/__init__.py\\\", line 14, in <module>\\n    from .auth import router as auth_router\\n  File \\\"/Users/pulimap/PersonalHealthAssistant/apps/auth/api/auth.py\\\", line 25, in <module>\\n    from ..models.user import User, UserCreate, UserResponse, UserStatus, MFAStatus, PasswordResetRequest, PasswordResetConfirm, EmailVerificationRequest, EmailVerificationConfirm\\n  File \\\"/Users/pulimap/PersonalHealthAssistant/apps/auth/models/__init__.py\\\", line 14, in <module>\\n    from .user import User, UserProfile, UserPreferences\\n  File \\\"/Users/pulimap/PersonalHealthAssistant/apps/auth/models/user.py\\\", line 146, in <module>\\n    class UserBase(BaseModel):\\n  File \\\"/Users/pulimap/PersonalHealthAssistant/venv-medical-records/lib/python3.11/site-packages/pydantic/_internal/_model_construction.py\\\", line 182, in __new__\\n    complete_model_class(\\n  File \\\"/Users/pulimap/PersonalHealthAssistant/venv-medical-records/lib/python3.11/site-packages/pydantic/_internal/_model_construction.py\\\", line 491, in complete_model_class\\n    schema = cls.__get_pydantic_core_schema__(cls, handler)\\n             ^^^^^^^^^^^^^^^^^^^^^^^^^^^^^^^^^^^^^^^^^^^^^^\\n  File \\\"/Users/pulimap/PersonalHealthAssistant/venv-medical-records/lib/python3.11/site-packages/pydantic/main.py\\\", line 578, in __get_pydantic_core_schema__\\n    return __handler(__source)\\n           ^^^^^^^^^^^^^^^^^^^\\n  File \\\"/Users/pulimap/PersonalHealthAssistant/venv-medical-records/lib/python3.11/site-packages/pydantic/_internal/_schema_generation_shared.py\\\", line 82, in __call__\\n    schema = self._handler(__source_type)\\n             ^^^^^^^^^^^^^^^^^^^^^^^^^^^^\\n  File \\\"/Users/pulimap/PersonalHealthAssistant/venv-medical-records/lib/python3.11/site-packages/pydantic/_internal/_generate_schema.py\\\", line 468, in generate_schema\\n    schema = self._generate_schema(obj)\\n             ^^^^^^^^^^^^^^^^^^^^^^^^^^\\n  File \\\"/Users/pulimap/PersonalHealthAssistant/venv-medical-records/lib/python3.11/site-packages/pydantic/_internal/_generate_schema.py\\\", line 700, in _generate_schema\\n    schema = self._post_process_generated_schema(self._generate_schema_inner(obj))\\n                                                 ^^^^^^^^^^^^^^^^^^^^^^^^^^^^^^^^\\n  File \\\"/Users/pulimap/PersonalHealthAssistant/venv-medical-records/lib/python3.11/site-packages/pydantic/_internal/_generate_schema.py\\\", line 722, in _generate_schema_inner\\n    return self._model_schema(obj)\\n           ^^^^^^^^^^^^^^^^^^^^^^^\\n  File \\\"/Users/pulimap/PersonalHealthAssistant/venv-medical-records/lib/python3.11/site-packages/pydantic/_internal/_generate_schema.py\\\", line 541, in _model_schema\\n    {k: self._generate_md_field_schema(k, v, decorators) for k, v in fields.items()},\\n    ^^^^^^^^^^^^^^^^^^^^^^^^^^^^^^^^^^^^^^^^^^^^^^^^^^^^^^^^^^^^^^^^^^^^^^^^^^^^^^^^\\n  File \\\"/Users/pulimap/PersonalHealthAssistant/venv-medical-records/lib/python3.11/site-packages/pydantic/_internal/_generate_schema.py\\\", line 541, in <dictcomp>\\n    {k: self._generate_md_field_schema(k, v, decorators) for k, v in fields.items()},\\n        ^^^^^^^^^^^^^^^^^^^^^^^^^^^^^^^^^^^^^^^^^^^^^^^^\\n  File \\\"/Users/pulimap/PersonalHealthAssistant/venv-medical-records/lib/python3.11/site-packages/pydantic/_internal/_generate_schema.py\\\", line 886, in _generate_md_field_schema\\n    common_field = self._common_field_schema(name, field_info, decorators)\\n                   ^^^^^^^^^^^^^^^^^^^^^^^^^^^^^^^^^^^^^^^^^^^^^^^^^^^^^^^\\n  File \\\"/Users/pulimap/PersonalHealthAssistant/venv-medical-records/lib/python3.11/site-packages/pydantic/_internal/_generate_schema.py\\\", line 951, in _common_field_schema\\n    schema = self._apply_annotations(\\n             ^^^^^^^^^^^^^^^^^^^^^^^^\\n  File \\\"/Users/pulimap/PersonalHealthAssistant/venv-medical-records/lib/python3.11/site-packages/pydantic/_internal/_generate_schema.py\\\", line 1654, in _apply_annotations\\n    schema = get_inner_schema(source_type)\\n             ^^^^^^^^^^^^^^^^^^^^^^^^^^^^^\\n  File \\\"/Users/pulimap/PersonalHealthAssistant/venv-medical-records/lib/python3.11/site-packages/pydantic/_internal/_schema_generation_shared.py\\\", line 82, in __call__\\n    schema = self._handler(__source_type)\\n             ^^^^^^^^^^^^^^^^^^^^^^^^^^^^\\n  File \\\"/Users/pulimap/PersonalHealthAssistant/venv-medical-records/lib/python3.11/site-packages/pydantic/_internal/_generate_schema.py\\\", line 1633, in inner_handler\\n    from_property = self._generate_schema_from_property(obj, obj)\\n                    ^^^^^^^^^^^^^^^^^^^^^^^^^^^^^^^^^^^^^^^^^^^^^\\n  File \\\"/Users/pulimap/PersonalHealthAssistant/venv-medical-records/lib/python3.11/site-packages/pydantic/_internal/_generate_schema.py\\\", line 616, in _generate_schema_from_property\\n    schema = get_schema(\\n             ^^^^^^^^^^^\\n  File \\\"/Users/pulimap/PersonalHealthAssistant/venv-medical-records/lib/python3.11/site-packages/pydantic/networks.py\\\", line 390, in __get_pydantic_core_schema__\\n    import_email_validator()\\n  File \\\"/Users/pulimap/PersonalHealthAssistant/venv-medical-records/lib/python3.11/site-packages/pydantic/networks.py\\\", line 354, in import_email_validator\\n    raise ImportError('email-validator is not installed, run `pip install pydantic[email]`') from e\\nImportError: email-validator is not installed, run `pip install pydantic[email]`\\n\", \"logger\": \"main\", \"level\": \"error\", \"timestamp\": \"2025-06-28T19:43:14.038008Z\"}", "module": "main", "function": "<module>", "line": 194}
{"timestamp": "2025-07-06T22:10:44.366529", "level": "ERROR", "logger": "medical_records.agents.DocumentReferenceAgent", "message": "{\"event\": \"Error fetching document: badly formed hexadecimal UUID string\", \"logger\": \"medical_records.agents.DocumentReferenceAgent\", \"level\": \"error\", \"timestamp\": \"2025-07-06T22:10:44.366141Z\"}", "module": "document_reference_agent", "function": "_get_document", "line": 162, "taskName": "Task-66"}
{"timestamp": "2025-07-06T22:10:55.998551", "level": "ERROR", "logger": "medical_records.agents.ClinicalNLPAgent", "message": "{\"event\": \"Error fetching document: badly formed hexadecimal UUID string\", \"logger\": \"medical_records.agents.ClinicalNLPAgent\", \"level\": \"error\", \"timestamp\": \"2025-07-06T22:10:55.998405Z\"}", "module": "clinical_nlp_agent", "function": "_get_document", "line": 419, "taskName": "Task-69"}
{"timestamp": "2025-07-06T22:11:12.012270", "level": "ERROR", "logger": "medical_records.agents.DocumentReferenceAgent", "message": "{\"event\": \"Error fetching document: badly formed hexadecimal UUID string\", \"logger\": \"medical_records.agents.DocumentReferenceAgent\", \"level\": \"error\", \"timestamp\": \"2025-07-06T22:11:12.012220Z\"}", "module": "document_reference_agent", "function": "_get_document", "line": 162, "taskName": "Task-76"}
{"timestamp": "2025-07-06T22:11:17.191288", "level": "ERROR", "logger": "medical_records.agents.ClinicalNLPAgent", "message": "{\"event\": \"Error fetching document: badly formed hexadecimal UUID string\", \"logger\": \"medical_records.agents.ClinicalNLPAgent\", \"level\": \"error\", \"timestamp\": \"2025-07-06T22:11:17.191225Z\"}", "module": "clinical_nlp_agent", "function": "_get_document", "line": 419, "taskName": "Task-79"}
{"timestamp": "2025-07-06T22:11:47.244738", "level": "ERROR", "logger": "medical_records.agents.DocumentReferenceAgent", "message": "{\"event\": \"Document processing failed: 'NoneType' object has no attribute 'document_type'\", \"logger\": \"medical_records.agents.DocumentReferenceAgent\", \"level\": \"error\", \"timestamp\": \"2025-07-06T22:11:47.244630Z\"}", "module": "document_reference_agent", "function": "_process_impl", "line": 158, "taskName": "Task-6"}
{"timestamp": "2025-07-06T22:12:50.345149", "level": "ERROR", "logger": "medical_records.agents.DocumentReferenceAgent", "message": "{\"event\": \"Document processing failed: 'NoneType' object has no attribute 'document_type'\", \"logger\": \"medical_records.agents.DocumentReferenceAgent\", \"level\": \"error\", \"timestamp\": \"2025-07-06T22:12:50.345085Z\"}", "module": "document_reference_agent", "function": "_process_impl", "line": 158, "taskName": "Task-6"}
{"timestamp": "2025-07-06T22:13:16.931879", "level": "ERROR", "logger": "medical_records.agents.DocumentReferenceAgent", "message": "{\"event\": \"Document processing failed: 'NoneType' object has no attribute 'document_type'\", \"logger\": \"medical_records.agents.DocumentReferenceAgent\", \"level\": \"error\", \"timestamp\": \"2025-07-06T22:13:16.931766Z\"}", "module": "document_reference_agent", "function": "_process_impl", "line": 158, "taskName": "Task-10"}
{"timestamp": "2025-07-06T22:14:15.281463", "level": "ERROR", "logger": "medical_records.agents.ClinicalNLPAgent", "message": "{\"event\": \"Error fetching document: badly formed hexadecimal UUID string\", \"logger\": \"medical_records.agents.ClinicalNLPAgent\", \"level\": \"error\", \"timestamp\": \"2025-07-06T22:14:15.281401Z\"}", "module": "clinical_nlp_agent", "function": "_get_document", "line": 419, "taskName": "Task-10"}
{"timestamp": "2025-07-06T22:14:32.163224", "level": "ERROR", "logger": "medical_records.agents.ClinicalNLPAgent", "message": "{\"event\": \"Error fetching document: badly formed hexadecimal UUID string\", \"logger\": \"medical_records.agents.ClinicalNLPAgent\", \"level\": \"error\", \"timestamp\": \"2025-07-06T22:14:32.163160Z\"}", "module": "clinical_nlp_agent", "function": "_get_document", "line": 418, "taskName": "Task-6"}
{"timestamp": "2025-07-29T20:36:15.613507", "level": "ERROR", "logger": "main", "message": "{\"event\": \"Could not import auth router: cannot import name 'create_client' from 'supabase' (unknown location)\\nTraceback (most recent call last):\\n  File \\\"/Users/pulimap/PersonalHealthAssistant/main.py\\\", line 189, in <module>\\n    from apps.auth.api.auth import router as auth_router\\n  File \\\"/Users/pulimap/PersonalHealthAssistant/apps/auth/api/__init__.py\\\", line 14, in <module>\\n    from .auth import router as auth_router\\n  File \\\"/Users/pulimap/PersonalHealthAssistant/apps/auth/api/auth.py\\\", line 28, in <module>\\n    from ..services.auth_service import AuthService, get_auth_service\\n  File \\\"/Users/pulimap/PersonalHealthAssistant/apps/auth/services/__init__.py\\\", line 13, in <module>\\n    from .auth_service import AuthService\\n  File \\\"/Users/pulimap/PersonalHealthAssistant/apps/auth/services/auth_service.py\\\", line 43, in <module>\\n    from .supabase_service import SupabaseService\\n  File \\\"/Users/pulimap/PersonalHealthAssistant/apps/auth/services/supabase_service.py\\\", line 16, in <module>\\n    from supabase import create_client, Client\\nImportError: cannot import name 'create_client' from 'supabase' (unknown location)\\n\", \"logger\": \"main\", \"level\": \"error\", \"timestamp\": \"2025-07-29T20:36:15.613320Z\"}", "module": "main", "function": "<module>", "line": 194, "taskName": "Task-1"}
